Code 353.984375 415719424
Code 352.703125 416575488
Code 353.359375 416157696
Code 353.796875 416145408
Code 353.796875 416100352
Code 353.640625 416100352
Code 353.90625 416157696
Code 353.796875 416145408
Code 353.90625 416157696
Code 354.140625 415719424
msedge 32.1875 306880512
msedge 32.1875 306802688
msedge 33.546875 308994048
msedge 33.59375 307732480
msedge 34.375 308891648
msedge 34.484375 308748288
msedge 34.5625 308400128
msedge 34.921875 307953664
msedge 35.421875 306647040
msedge 37.046875 311160832
msedge 37.25 310079488
msedge 37.25 310317056
msedge 38.3125 311304192
msedge 38.3125 311185408
msedge 38.3125 311185408
msedge 38.3125 311185408
msedge 41.828125 332156928
msedge 41.828125 332156928
msedge 41.828125 332029952
msedge 41.828125 331812864
msedge 41.828125 331812864
msedge 41.828125 331812864
msedge 41.828125 331812864
msedge 41.828125 331812864
msedge 41.828125 331812864
msedge 41.875 332554240
msedge 41.96875 332652544
msedge 42.03125 332857344
msedge 42.046875 332832768
msedge 42.109375 332541952
msedge 42.140625 332132352
msedge 42.15625 334069760
